<?xml version="1.0" encoding="UTF-8"?>
<!-- Generated by org.testng.reporters.JUnitReportReporter -->
<testsuite hostname="DESKTOP-T7IHCJ8" failures="0" tests="3" name="testCases.SigupTest" time="67.050" errors="0" timestamp="2025-06-11T19:00:35 IST" skipped="0">
  <testcase classname="testCases.SigupTest" name="singupToApplication" time="26.418"/>
  <testcase classname="testCases.SigupTest" name="singupToApplication" time="19.093"/>
  <testcase classname="testCases.SigupTest" name="singupToApplication" time="21.539"/>
</testsuite> <!-- testCases.SigupTest -->
