<?xml version="1.0" encoding="UTF-8"?>
<!-- Generated by org.testng.reporters.JUnitReportReporter -->
<testsuite hostname="DESKTOP-T7IHCJ8" failures="0" tests="2" name="testCases.SigupTest" time="66.587" errors="0" timestamp="2025-06-16T17:52:37 IST" skipped="0">
  <testcase classname="testCases.SigupTest" name="singupToApplication" time="37.937"/>
  <testcase classname="testCases.SigupTest" name="singupToApplication" time="28.650"/>
</testsuite> <!-- testCases.SigupTest -->
