<?xml version="1.0" encoding="UTF-8"?>
<!-- Generated by org.testng.reporters.JUnitReportReporter -->
<testsuite hostname="DESKTOP-T7IHCJ8" failures="0" tests="1" name="testCases.RegistrationPageTest" time="36.362" errors="0" timestamp="2025-06-17T14:00:23 IST" skipped="0">
  <testcase classname="testCases.RegistrationPageTest" name="testRegistrationPage" time="36.362"/>
</testsuite> <!-- testCases.RegistrationPageTest -->
